<?xml version='1.0' encoding='UTF-8'?>
<coverage branch-rate="0.2325" branches-covered="63" branches-valid="271" complexity="0" line-rate="0.35950000000000004" lines-covered="302" lines-valid="840" timestamp="1448901544201" version="0.1">
<sources>
	<source>/home/user/git/kashana/javascript</source>
</sources>
<packages>
	<package branch-rate="0.25" line-rate="0.6596" name="src">
		<classes>
			<class branch-rate="0.5" filename="src/example1.js" line-rate="1" name="example1.js">
			<methods>
				<method hits="1" name="(anonymous_1)" signature="()V">
					<lines><line hits="1" number="6" /></lines>
				</method>
			</methods>
			<lines>
				<line branch="false" hits="1" number="1" />
				<line branch="true" condition-coverage="50% (1/2)" hits="1" number="2" />
				<line branch="false" hits="1" number="3" />
			</lines>
			</class>
			<class branch-rate="1" filename="src/example2.js" line-rate="0.7143" name="example2.js">
			<methods>
				<method hits="1" name="(anonymous_1)" signature="()V">
					<lines><line hits="1" number="1" /></lines>
				</method>
				<method hits="1" name="(anonymous_2)" signature="()V">
					<lines><line hits="1" number="4" /></lines>
				</method>
				<method hits="0" name="(anonymous_3)" signature="()V">
					<lines><line hits="0" number="8" /></lines>
				</method>
			</methods>
			<lines>
				<line branch="false" hits="1" number="1" />
				<line branch="false" hits="1" number="2" />
				<line branch="false" hits="1" number="3" />
			</lines>
			</class>
		</classes>
	</package>
	<package branch-rate="1" line-rate="0.3529" name="src.second">
		<classes>
			<class branch-rate="1" filename="src/second/example3.js" line-rate="0.6" name="example3.js">
			<methods>
				<method hits="1" name="(anonymous_1)" signature="()V">
					<lines><line hits="1" number="3" /></lines>
				</method>
				<method hits="0" name="(anonymous_2)" signature="()V">
					<lines><line hits="0" number="57" /></lines>
				</method>
				<method hits="0" name="(anonymous_3)" signature="()V">
					<lines><line hits="0" number="75" /></lines>
				</method>
			</methods>
			<lines>
				<line branch="false" hits="1" number="1" />
				<line branch="false" hits="1" number="2" />
				<line branch="false" hits="0" number="3" />
			</lines>
			</class>
		</classes>
	</package>
</packages>
</coverage>